<?xml version="1.0" encoding="UTF-8"?>
<testng-results skipped="0" failed="0" ignored="0" total="1" passed="1">
  <reporter-output>
    <line>
      <![CDATA[demo maven]]>
    </line>
  </reporter-output>
  <suite name="Suite" duration-ms="77" started-at="2019-05-27T14:22:44Z" finished-at="2019-05-27T14:22:44Z">
    <groups>
    </groups>
    <test name="Test" duration-ms="77" started-at="2019-05-27T14:22:44Z" finished-at="2019-05-27T14:22:44Z">
      <class name="Test.DemoA">
        <test-method status="PASS" signature="testA()[pri:0, instance:Test.DemoA@26be92ad]" name="testA" duration-ms="28" started-at="2019-05-27T14:22:44Z" finished-at="2019-05-27T14:22:44Z">
          <reporter-output>
            <line>
              <![CDATA[demo maven]]>
            </line>
          </reporter-output>
        </test-method> <!-- testA -->
      </class> <!-- Test.DemoA -->
    </test> <!-- Test -->
  </suite> <!-- Suite -->
</testng-results>
